<?xml version="1.0" encoding="utf-8"?><testsuites name="pytest tests"><testsuite name="pytest" errors="1" failures="0" skipped="0" tests="26" time="3.798" timestamp="2026-09-21T16:22:46.056423+00:00" hostname="agent-env-3f9eee2f-d13e-4970-9d8d-48f47593a6e1"><testcase classname="backend.tests.test_vca_api" name="test_health" time="0.321" /><testcase classname="backend.tests.test_vca_api.TestAuth" name="test_me_ok" time="0.163" /><testcase classname="backend.tests.test_vca_api.TestAuth" name="test_me_missing" time="0.102" /><testcase classname="backend.tests.test_vca_api.TestAuth" name="test_me_invalid" time="0.077" /><testcase classname="backend.tests.test_vca_api.TestCatalog" name="test_list" time="0.071" /><testcase classname="backend.tests.test_vca_api.TestCatalog" name="test_top" time="0.081" /><testcase classname="backend.tests.test_vca_api.TestCatalog" name="test_top_category" time="0.079" /><testcase classname="backend.tests.test_vca_api.TestCatalog" name="test_detail" time="0.260" /><testcase classname="backend.tests.test_vca_api.TestCatalog" name="test_detail_404" time="0.117" /><testcase classname="backend.tests.test_vca_api" name="test_dashboard_stats" time="0.103" /><testcase classname="backend.tests.test_vca_api.TestCollectionFlow" name="test_get_seed_collection" time="0.077" /><testcase classname="backend.tests.test_vca_api.TestCollectionFlow" name="test_add_item" time="0.174" /><testcase classname="backend.tests.test_vca_api.TestCollectionFlow" name="test_update_item" time="0.095" /><testcase classname="backend.tests.test_vca_api.TestCollectionFlow" name="test_certify_item" time="0.181" /><testcase classname="backend.tests.test_vca_api.TestCollectionFlow" name="test_verify_success" time="0.088" /><testcase classname="backend.tests.test_vca_api.TestCollectionFlow" name="test_verify_bogus" time="0.079" /><testcase classname="backend.tests.test_vca_api.TestCollectionFlow" name="test_list_certifications" time="0.077" /><testcase classname="backend.tests.test_vca_api.TestCollectionFlow" name="test_delete_item" time="0.161" /><testcase classname="backend.tests.test_vca_api.TestSlabook" name="test_feed_seed" time="0.085" /><testcase classname="backend.tests.test_vca_api.TestSlabook" name="test_create_post" time="0.076" /><testcase classname="backend.tests.test_vca_api.TestSlabook" name="test_like_toggle" time="0.150" /><testcase classname="backend.tests.test_vca_api.TestSlabook" name="test_comment" time="0.144" /><testcase classname="backend.tests.test_vca_api.TestSubmissions" name="test_pricing_tiers" time="0.213" /><testcase classname="backend.tests.test_vca_api.TestSubmissions" name="test_shipping" time="0.111" /><testcase classname="backend.tests.test_vca_api.TestSubmissions" name="test_create_and_list_submission" time="0.219" /><testcase classname="backend.tests.test_vca_api" name="test_scan_real_card" time="0.306"><error message="failed on setup with &quot;urllib.error.HTTPError: HTTP Error 403: Forbidden&quot;">backend/tests/test_vca_api.py:30: in card_image_b64
    with urllib.request.urlopen(POKE_IMG, timeout=30) as r:
         ^^^^^^^^^^^^^^^^^^^^^^^^^^^^^^^^^^^^^^^^^^^^
/usr/local/lib/python3.11/urllib/request.py:216: in urlopen
    return opener.open(url, data, timeout)
           ^^^^^^^^^^^^^^^^^^^^^^^^^^^^^^^
/usr/local/lib/python3.11/urllib/request.py:525: in open
    response = meth(req, response)
               ^^^^^^^^^^^^^^^^^^^
/usr/local/lib/python3.11/urllib/request.py:634: in http_response
    response = self.parent.error(
/usr/local/lib/python3.11/urllib/request.py:563: in error
    return self._call_chain(*args)
           ^^^^^^^^^^^^^^^^^^^^^^^
/usr/local/lib/python3.11/urllib/request.py:496: in _call_chain
    result = func(*args)
             ^^^^^^^^^^^
/usr/local/lib/python3.11/urllib/request.py:643: in http_error_default
    raise HTTPError(req.full_url, code, msg, hdrs, fp)
E   urllib.error.HTTPError: HTTP Error 403: Forbidden</error></testcase></testsuite></testsuites>